<?xml version="1.0" encoding="UTF-8"?>
<coverage generated="1649366578745" clover="3.2.0">
  <project timestamp="1649366578746" name="All files">
    <metrics statements="24" coveredstatements="23" conditionals="14" coveredconditionals="13" methods="3" coveredmethods="3" elements="41" coveredelements="39" complexity="0" loc="24" ncloc="24" packages="1" files="1" classes="1"/>
    <file name="index.js" path="/Users/rommelberrios/Documents/pinata/sdk/ipfs-gateway-tools-1.2.0/src/index.js">
      <metrics statements="24" coveredstatements="23" conditionals="14" coveredconditionals="13" methods="3" coveredmethods="3"/>
      <line num="1" count="1" type="stmt"/>
      <line num="6" count="1" type="stmt"/>
      <line num="7" count="9" type="cond" truecount="2" falsecount="0"/>
      <line num="8" count="1" type="stmt"/>
      <line num="10" count="8" type="stmt"/>
      <line num="11" count="8" type="stmt"/>
      <line num="12" count="30" type="cond" truecount="2" falsecount="0"/>
      <line num="13" count="6" type="stmt"/>
      <line num="18" count="24" type="stmt"/>
      <line num="19" count="24" type="cond" truecount="1" falsecount="1"/>
      <line num="20" count="0" type="stmt"/>
      <line num="27" count="2" type="stmt"/>
      <line num="34" count="1" type="stmt"/>
      <line num="35" count="6" type="stmt"/>
      <line num="36" count="6" type="cond" truecount="2" falsecount="0"/>
      <line num="37" count="1" type="stmt"/>
      <line num="40" count="5" type="stmt"/>
      <line num="42" count="5" type="cond" truecount="2" falsecount="0"/>
      <line num="43" count="2" type="stmt"/>
      <line num="47" count="3" type="cond" truecount="2" falsecount="0"/>
      <line num="48" count="1" type="stmt"/>
      <line num="52" count="2" type="cond" truecount="2" falsecount="0"/>
      <line num="53" count="1" type="stmt"/>
      <line num="57" count="1" type="stmt"/>
    </file>
  </project>
</coverage>
