TN:
SF:src/index.js
FN:4,(anonymous_0)
FN:6,(anonymous_1)
FN:26,(anonymous_2)
FNF:3
FNH:3
FNDA:1,(anonymous_0)
FNDA:9,(anonymous_1)
FNDA:6,(anonymous_2)
DA:6,1
DA:7,9
DA:8,1
DA:10,8
DA:11,8
DA:12,30
DA:13,6
DA:19,2
DA:26,1
DA:27,6
DA:28,6
DA:29,1
DA:32,5
DA:34,5
DA:35,2
DA:39,3
DA:40,1
DA:44,2
DA:45,1
DA:49,1
LF:20
LH:20
BRDA:7,0,0,1
BRDA:7,0,1,8
BRDA:12,1,0,6
BRDA:12,1,1,24
BRDA:28,2,0,1
BRDA:28,2,1,5
BRDA:34,3,0,2
BRDA:34,3,1,3
BRDA:39,4,0,1
BRDA:39,4,1,2
BRDA:44,5,0,1
BRDA:44,5,1,1
BRF:12
BRH:12
end_of_record
