TN:
SF:src/index.js
FN:4,(anonymous_0)
FN:6,(anonymous_1)
FN:34,(anonymous_2)
FNF:3
FNH:3
FNDA:1,(anonymous_0)
FNDA:10,(anonymous_1)
FNDA:6,(anonymous_2)
DA:1,1
DA:6,1
DA:7,10
DA:8,1
DA:10,9
DA:11,9
DA:12,35
DA:13,7
DA:18,28
DA:19,28
DA:20,0
DA:27,2
DA:34,1
DA:35,6
DA:36,6
DA:37,1
DA:40,5
DA:42,5
DA:43,2
DA:47,3
DA:48,1
DA:52,2
DA:53,1
DA:57,1
LF:24
LH:23
BRDA:7,0,0,1
BRDA:7,0,1,9
BRDA:12,1,0,7
BRDA:12,1,1,28
BRDA:19,2,0,0
BRDA:19,2,1,28
BRDA:36,3,0,1
BRDA:36,3,1,5
BRDA:42,4,0,2
BRDA:42,4,1,3
BRDA:47,5,0,1
BRDA:47,5,1,2
BRDA:52,6,0,1
BRDA:52,6,1,1
BRF:14
BRH:13
end_of_record
